<?xml version="1.0" encoding="UTF-8"?>
<!-- Generated by org.testng.reporters.JUnitReportReporter -->
<testsuite hostname="WELCOME-PC" failures="0" tests="5" name="testNGsample.Day3" time="0.007" errors="0" timestamp="2025-07-03T17:23:33 IST" skipped="0">
  <testcase classname="testNGsample.Day3" name="webLoginCardLoan" time="0.001"/>
  <testcase classname="testNGsample.Day3" name="webLoginCardLoan" time="0.001"/>
  <testcase classname="testNGsample.Day3" name="mobileLoginCardlaon" time="0.001"/>
  <testcase classname="testNGsample.Day3" name="apiLoginCardLaon" time="0.002"/>
  <testcase classname="testNGsample.Day3" name="webLoginCardLoan" time="0.002"/>
</testsuite> <!-- testNGsample.Day3 -->
