<?xml version="1.0" encoding="UTF-8"?>
<!-- Generated by org.testng.reporters.JUnitReportReporter -->
<testsuite hostname="WELCOME-PC" failures="0" tests="3" name="testNGsample.Day2" time="0.005" errors="0" timestamp="2025-07-03T17:23:33 IST" skipped="0">
  <testcase classname="testNGsample.Day2" name="webLoginHomeLoan" time="0.001"/>
  <testcase classname="testNGsample.Day2" name="apiLoginHomeLaon" time="0.002"/>
  <testcase classname="testNGsample.Day2" name="mobileLoginHomelaon" time="0.002"/>
</testsuite> <!-- testNGsample.Day2 -->
