<?xml version="1.0" encoding="UTF-8"?>
<!-- Generated by org.testng.reporters.JUnitReportReporter -->
<testsuite hostname="WELCOME-PC" failures="0" tests="5" name="testNGsample.Day5" time="0.018" errors="0" timestamp="2025-07-03T23:04:53 IST" skipped="0">
  <testcase classname="testNGsample.Day5" name="demo1" time="0.004"/>
  <testcase classname="testNGsample.Day5" name="demo1" time="0.010"/>
  <testcase classname="testNGsample.Day5" name="demo1" time="0.001"/>
  <testcase classname="testNGsample.Day5" name="Api" time="0.001"/>
  <testcase classname="testNGsample.Day5" name="web" time="0.002"/>
</testsuite> <!-- testNGsample.Day5 -->
