<?xml version="1.0" encoding="UTF-8"?>
<!-- Generated by org.testng.reporters.JUnitReportReporter -->
<testsuite hostname="WELCOME-PC" failures="0" tests="1" name="testNGsample.TestNg1" time="0.010" errors="0" timestamp="2025-07-03T14:08:32 IST" skipped="0">
  <testcase classname="testNGsample.TestNg1" name="demo" time="0.010"/>
</testsuite> <!-- testNGsample.TestNg1 -->
