<?xml version="1.0" encoding="UTF-8"?>
<!-- Generated by org.testng.reporters.JUnitReportReporter -->
<testsuite hostname="WELCOME-PC" failures="0" tests="1" name="apiDataDrivenTesting.SubmitOrder" time="3.963" errors="0" timestamp="2025-07-07T16:26:23 IST" skipped="0">
  <testcase classname="apiDataDrivenTesting.SubmitOrder" name="SubmitOrderDeleteOrder" time="3.963"/>
</testsuite> <!-- apiDataDrivenTesting.SubmitOrder -->
