<?xml version="1.0" encoding="UTF-8"?>
<!-- Generated by org.testng.reporters.JUnitReportReporter -->
<testsuite hostname="WELCOME-PC" failures="0" tests="1" name="demo.SumValidadtion" time="1.457" errors="0" timestamp="2025-07-04T18:10:03 IST" skipped="0">
  <testcase classname="demo.SumValidadtion" name="sumofCourses" time="1.457"/>
</testsuite> <!-- demo.SumValidadtion -->
