<?xml version="1.0" encoding="UTF-8"?>
<!-- Generated by org.testng.reporters.JUnitReportReporter -->
<testsuite hostname="WELCOME-PC" failures="0" tests="3" name="demo.DynamicJson" time="2.458" errors="0" timestamp="2025-07-04T20:36:54 IST" skipped="0">
  <testcase classname="demo.DynamicJson" name="addBook" time="0.095"/>
  <testcase classname="demo.DynamicJson" name="addBook" time="2.226"/>
  <testcase classname="demo.DynamicJson" name="addBook" time="0.137"/>
</testsuite> <!-- demo.DynamicJson -->
