<?xml version="1.0" encoding="UTF-8"?>
<!-- Generated by org.testng.reporters.JUnitReportReporter -->
<testsuite hostname="WELCOME-PC" failures="0" tests="5" name="testcases.ProductDataDrivenTest" time="6.718" errors="0" timestamp="2025-07-07T19:27:59 IST" skipped="0">
  <testcase classname="testcases.ProductDataDrivenTest" name="testAddnewProduct" time="0.766"/>
  <testcase classname="testcases.ProductDataDrivenTest" name="testAddnewProduct" time="1.698"/>
  <testcase classname="testcases.ProductDataDrivenTest" name="testAddnewProduct" time="0.634"/>
  <testcase classname="testcases.ProductDataDrivenTest" name="testAddnewProduct" time="0.619"/>
  <testcase classname="testcases.ProductDataDrivenTest" name="testAddnewProduct" time="3.001"/>
</testsuite> <!-- testcases.ProductDataDrivenTest -->
