<?xml version="1.0" encoding="UTF-8"?>
<!-- Generated by org.testng.reporters.JUnitReportReporter -->
<testsuite hostname="WELCOME-PC" failures="0" tests="10" name="testcases.ProductTests" time="9.203" errors="0" timestamp="2025-07-07T14:25:03 IST" skipped="0">
  <testcase classname="testcases.ProductTests" name="testGetAllProductsCategories" time="0.575"/>
  <testcase classname="testcases.ProductTests" name="testGetSingleProductById" time="0.606"/>
  <testcase classname="testcases.ProductTests" name="testGetSortedProductsAsceding" time="0.698"/>
  <testcase classname="testcases.ProductTests" name="tetsDeleteProduct" time="0.663"/>
  <testcase classname="testcases.ProductTests" name="testGetAllProducts" time="0.773"/>
  <testcase classname="testcases.ProductTests" name="testGetSortedProductsDescending" time="0.705"/>
  <testcase classname="testcases.ProductTests" name="testGetProductByCategory" time="0.790"/>
  <testcase classname="testcases.ProductTests" name="testGetProductsWithLimt" time="0.645"/>
  <testcase classname="testcases.ProductTests" name="testAdddNewProduct" time="3.182"/>
  <testcase classname="testcases.ProductTests" name="testUpdateproduct" time="0.566"/>
</testsuite> <!-- testcases.ProductTests -->
